2025-10-27 12:03:09,199 - INFO - 햡dio baixado com yt-dlp: C:\Users\luis_\OneDrive\Documentos\Meu projetos\core_oraculo_v2\core-oraculo-v2.0\escavadores\youtube\audios\rkeZFquIQpI.mp3
2025-10-27 12:04:16,829 - INFO - 햡dio baixado com yt-dlp: C:\Users\luis_\OneDrive\Documentos\Meu projetos\core_oraculo_v2\core-oraculo-v2.0\escavadores\youtube\audios\rkeZFquIQpI.mp3
2025-10-27 12:05:14,507 - INFO - 햡dio baixado com yt-dlp: C:\Users\luis_\OneDrive\Documentos\Meu projetos\core_oraculo_v2\core-oraculo-v2.0\escavadores\youtube\audios\rkeZFquIQpI.mp3
2025-10-27 12:11:15,567 - INFO - 햡dio baixado com yt-dlp: C:\Users\luis_\OneDrive\Documentos\Meu projetos\core_oraculo_v2\core-oraculo-v2.0\escavadores\youtube\audios\nj2JlX_NTdY.mp3
2025-10-27 12:54:31,749 - INFO - 햡dio baixado com yt-dlp: C:\Users\luis_\OneDrive\Documentos\Meu projetos\core_oraculo_v2\core-oraculo-v2.0\escavadores\youtube\audios\_1S1Go3WkIk.mp3
2025-10-27 12:55:35,639 - INFO - 햡dio baixado com yt-dlp: C:\Users\luis_\OneDrive\Documentos\Meu projetos\core_oraculo_v2\core-oraculo-v2.0\escavadores\youtube\audios\D9fp_ayBS54.mp3
2025-10-27 12:56:13,893 - INFO - 햡dio baixado com yt-dlp: C:\Users\luis_\OneDrive\Documentos\Meu projetos\core_oraculo_v2\core-oraculo-v2.0\escavadores\youtube\audios\_KKfOvgC14w.mp3
2025-10-27 12:56:46,545 - INFO - 햡dio baixado com yt-dlp: C:\Users\luis_\OneDrive\Documentos\Meu projetos\core_oraculo_v2\core-oraculo-v2.0\escavadores\youtube\audios\4OTOXg2zmcs.mp3
2025-10-27 12:58:30,540 - INFO - 햡dio baixado com yt-dlp: C:\Users\luis_\OneDrive\Documentos\Meu projetos\core_oraculo_v2\core-oraculo-v2.0\escavadores\youtube\audios\HDL6IbrQhgU.mp3
2025-10-27 13:19:10,882 - INFO - 햡dio baixado com yt-dlp: C:\Users\luis_\OneDrive\Documentos\Meu projetos\core_oraculo_v2\core-oraculo-v2.0\escavadores\youtube\audios\OAOZc7a_pOY.mp3
2025-10-27 13:22:57,318 - INFO - 햡dio baixado com yt-dlp: C:\Users\luis_\OneDrive\Documentos\Meu projetos\core_oraculo_v2\core-oraculo-v2.0\escavadores\youtube\audios\eSOTrQm3E6A.mp3
2025-10-27 13:23:55,474 - INFO - 햡dio baixado com yt-dlp: C:\Users\luis_\OneDrive\Documentos\Meu projetos\core_oraculo_v2\core-oraculo-v2.0\escavadores\youtube\audios\HHGFbp_jdKk.mp3
2025-10-27 13:28:13,653 - INFO - 햡dio baixado com yt-dlp: C:\Users\luis_\OneDrive\Documentos\Meu projetos\core_oraculo_v2\core-oraculo-v2.0\escavadores\youtube\audios\UZpzCSvyqDQ.mp3
2025-10-27 13:28:53,052 - INFO - 햡dio baixado com yt-dlp: C:\Users\luis_\OneDrive\Documentos\Meu projetos\core_oraculo_v2\core-oraculo-v2.0\escavadores\youtube\audios\oKzRPq5NkqA.mp3
2025-10-27 13:35:08,462 - INFO - 햡dio baixado com yt-dlp: C:\Users\luis_\OneDrive\Documentos\Meu projetos\core_oraculo_v2\core-oraculo-v2.0\escavadores\youtube\audios\HyYdopa2JhE.mp3
2025-10-27 14:03:01,388 - INFO - 햡dio baixado com yt-dlp: C:\Users\luis_\OneDrive\Documentos\Meu projetos\core_oraculo_v2\core-oraculo-v2.0\escavadores\youtube\audios\EYQOug78yb8.mp3
2025-10-27 14:03:48,324 - INFO - 햡dio baixado com yt-dlp: C:\Users\luis_\OneDrive\Documentos\Meu projetos\core_oraculo_v2\core-oraculo-v2.0\escavadores\youtube\audios\wqgBNvAPlYQ.mp3
2025-10-27 14:04:51,962 - INFO - 햡dio baixado com yt-dlp: C:\Users\luis_\OneDrive\Documentos\Meu projetos\core_oraculo_v2\core-oraculo-v2.0\escavadores\youtube\audios\8iHQmCPqqLs.mp3
2025-10-27 14:05:28,786 - INFO - 햡dio baixado com yt-dlp: C:\Users\luis_\OneDrive\Documentos\Meu projetos\core_oraculo_v2\core-oraculo-v2.0\escavadores\youtube\audios\PE1DdivGthg.mp3
2025-10-27 14:07:12,672 - INFO - 햡dio baixado com yt-dlp: C:\Users\luis_\OneDrive\Documentos\Meu projetos\core_oraculo_v2\core-oraculo-v2.0\escavadores\youtube\audios\rkeZFquIQpI.mp3
2025-10-27 14:07:36,122 - INFO - 햡dio baixado com yt-dlp: C:\Users\luis_\OneDrive\Documentos\Meu projetos\core_oraculo_v2\core-oraculo-v2.0\escavadores\youtube\audios\rkeZFquIQpI.mp3
2025-10-27 14:08:26,855 - INFO - 햡dio baixado com yt-dlp: C:\Users\luis_\OneDrive\Documentos\Meu projetos\core_oraculo_v2\core-oraculo-v2.0\escavadores\youtube\audios\rkeZFquIQpI.mp3
2025-10-27 14:09:30,157 - INFO - 햡dio baixado com yt-dlp: C:\Users\luis_\OneDrive\Documentos\Meu projetos\core_oraculo_v2\core-oraculo-v2.0\escavadores\youtube\audios\2hjqgL9hljk.mp3
2025-10-27 14:15:48,829 - INFO - 햡dio baixado com yt-dlp: C:\Users\luis_\OneDrive\Documentos\Meu projetos\core_oraculo_v2\core-oraculo-v2.0\escavadores\youtube\audios\6xGJj5cLWs0.mp3
2025-10-27 14:18:26,770 - INFO - 햡dio baixado com yt-dlp: C:\Users\luis_\OneDrive\Documentos\Meu projetos\core_oraculo_v2\core-oraculo-v2.0\escavadores\youtube\audios\rxwxpajxEx8.mp3
2025-10-27 14:23:12,193 - INFO - 햡dio baixado com yt-dlp: C:\Users\luis_\OneDrive\Documentos\Meu projetos\core_oraculo_v2\core-oraculo-v2.0\escavadores\youtube\audios\UTyzlPZSwCk.mp3
2025-10-27 14:26:45,661 - INFO - 햡dio baixado com yt-dlp: C:\Users\luis_\OneDrive\Documentos\Meu projetos\core_oraculo_v2\core-oraculo-v2.0\escavadores\youtube\audios\7_gWNayFrms.mp3
2025-10-27 14:27:23,171 - INFO - 햡dio baixado com yt-dlp: C:\Users\luis_\OneDrive\Documentos\Meu projetos\core_oraculo_v2\core-oraculo-v2.0\escavadores\youtube\audios\gnbRZTmodKs.mp3
2025-10-27 14:29:13,796 - INFO - 햡dio baixado com yt-dlp: C:\Users\luis_\OneDrive\Documentos\Meu projetos\core_oraculo_v2\core-oraculo-v2.0\escavadores\youtube\audios\1gkVAp2gK2E.mp3
2025-10-27 14:32:50,037 - INFO - 햡dio baixado com yt-dlp: C:\Users\luis_\OneDrive\Documentos\Meu projetos\core_oraculo_v2\core-oraculo-v2.0\escavadores\youtube\audios\nhQwRv6EZ7Q.mp3
2025-10-27 15:06:21,764 - INFO - 햡dio baixado com yt-dlp: C:\Users\luis_\OneDrive\Documentos\Meu projetos\core_oraculo_v2\core-oraculo-v2.0\escavadores\youtube\audios\iX991ucH52M.mp3
2025-10-27 15:09:01,914 - INFO - 햡dio baixado com yt-dlp: C:\Users\luis_\OneDrive\Documentos\Meu projetos\core_oraculo_v2\core-oraculo-v2.0\escavadores\youtube\audios\r0BEK6Yq0D8.mp3
2025-10-27 15:10:44,839 - INFO - 햡dio baixado com yt-dlp: C:\Users\luis_\OneDrive\Documentos\Meu projetos\core_oraculo_v2\core-oraculo-v2.0\escavadores\youtube\audios\F3pMIQWxK7s.mp3
2025-10-27 15:12:51,379 - INFO - 햡dio baixado com yt-dlp: C:\Users\luis_\OneDrive\Documentos\Meu projetos\core_oraculo_v2\core-oraculo-v2.0\escavadores\youtube\audios\N6ZrN_MIrZw.mp3
2025-10-27 15:13:37,715 - INFO - 햡dio baixado com yt-dlp: C:\Users\luis_\OneDrive\Documentos\Meu projetos\core_oraculo_v2\core-oraculo-v2.0\escavadores\youtube\audios\vzdlJae3ihA.mp3
2025-10-27 15:14:15,027 - INFO - 햡dio baixado com yt-dlp: C:\Users\luis_\OneDrive\Documentos\Meu projetos\core_oraculo_v2\core-oraculo-v2.0\escavadores\youtube\audios\-b0-BmRMzXc.mp3
2025-10-27 15:14:56,596 - INFO - 햡dio baixado com yt-dlp: C:\Users\luis_\OneDrive\Documentos\Meu projetos\core_oraculo_v2\core-oraculo-v2.0\escavadores\youtube\audios\gRod1yXW_GA.mp3
2025-10-27 15:15:38,600 - INFO - 햡dio baixado com yt-dlp: C:\Users\luis_\OneDrive\Documentos\Meu projetos\core_oraculo_v2\core-oraculo-v2.0\escavadores\youtube\audios\CRhwwMY7Fpo.mp3
2025-10-27 15:16:22,183 - INFO - 햡dio baixado com yt-dlp: C:\Users\luis_\OneDrive\Documentos\Meu projetos\core_oraculo_v2\core-oraculo-v2.0\escavadores\youtube\audios\__UuYA3rv4w.mp3
2025-10-27 15:18:20,949 - INFO - 햡dio baixado com yt-dlp: C:\Users\luis_\OneDrive\Documentos\Meu projetos\core_oraculo_v2\core-oraculo-v2.0\escavadores\youtube\audios\wt4dvMpasmc.mp3
2025-10-27 15:35:33,979 - INFO - 햡dio baixado com yt-dlp: C:\Users\luis_\OneDrive\Documentos\Meu projetos\core_oraculo_v2\core-oraculo-v2.0\escavadores\youtube\audios\JBL_NPB48z4.mp3
2025-10-27 15:36:29,210 - INFO - 햡dio baixado com yt-dlp: C:\Users\luis_\OneDrive\Documentos\Meu projetos\core_oraculo_v2\core-oraculo-v2.0\escavadores\youtube\audios\weMW3FTLiqw.mp3
2025-10-27 15:37:12,188 - INFO - 햡dio baixado com yt-dlp: C:\Users\luis_\OneDrive\Documentos\Meu projetos\core_oraculo_v2\core-oraculo-v2.0\escavadores\youtube\audios\u_i8U9fuVuw.mp3
2025-10-27 15:37:59,925 - INFO - 햡dio baixado com yt-dlp: C:\Users\luis_\OneDrive\Documentos\Meu projetos\core_oraculo_v2\core-oraculo-v2.0\escavadores\youtube\audios\nWpVTT0_ySE.mp3
2025-10-27 15:40:02,046 - INFO - 햡dio baixado com yt-dlp: C:\Users\luis_\OneDrive\Documentos\Meu projetos\core_oraculo_v2\core-oraculo-v2.0\escavadores\youtube\audios\9WF6y-QfFyk.mp3
2025-10-27 15:40:45,740 - INFO - 햡dio baixado com yt-dlp: C:\Users\luis_\OneDrive\Documentos\Meu projetos\core_oraculo_v2\core-oraculo-v2.0\escavadores\youtube\audios\IYCSNdTuPjw.mp3
2025-10-27 15:42:55,736 - INFO - 햡dio baixado com yt-dlp: C:\Users\luis_\OneDrive\Documentos\Meu projetos\core_oraculo_v2\core-oraculo-v2.0\escavadores\youtube\audios\7VQB6MBtGVM.mp3
2025-10-27 15:45:58,900 - INFO - 햡dio baixado com yt-dlp: C:\Users\luis_\OneDrive\Documentos\Meu projetos\core_oraculo_v2\core-oraculo-v2.0\escavadores\youtube\audios\cQJIbGFtW9s.mp3
2025-10-27 15:47:22,693 - INFO - 햡dio baixado com yt-dlp: C:\Users\luis_\OneDrive\Documentos\Meu projetos\core_oraculo_v2\core-oraculo-v2.0\escavadores\youtube\audios\HAfyHeu90EU.mp3
2025-10-27 15:50:41,195 - INFO - 햡dio baixado com yt-dlp: C:\Users\luis_\OneDrive\Documentos\Meu projetos\core_oraculo_v2\core-oraculo-v2.0\escavadores\youtube\audios\7PqMWG3QBXY.mp3
2025-10-27 15:56:22,081 - INFO - 햡dio baixado com yt-dlp: C:\Users\luis_\OneDrive\Documentos\Meu projetos\core_oraculo_v2\core-oraculo-v2.0\escavadores\youtube\audios\tH649yqX420.mp3
2025-10-27 16:34:55,853 - INFO - 햡dio baixado com yt-dlp: C:\Users\luis_\OneDrive\Documentos\Meu projetos\core_oraculo_v2\core-oraculo-v2.0\escavadores\youtube\audios\rkeZFquIQpI.mp3
2025-10-27 16:36:00,982 - INFO - 햡dio baixado com yt-dlp: C:\Users\luis_\OneDrive\Documentos\Meu projetos\core_oraculo_v2\core-oraculo-v2.0\escavadores\youtube\audios\rkeZFquIQpI.mp3
2025-10-27 16:36:20,299 - INFO - 햡dio baixado com yt-dlp: C:\Users\luis_\OneDrive\Documentos\Meu projetos\core_oraculo_v2\core-oraculo-v2.0\escavadores\youtube\audios\rkeZFquIQpI.mp3
2025-10-27 16:39:23,698 - INFO - 햡dio baixado com yt-dlp: C:\Users\luis_\OneDrive\Documentos\Meu projetos\core_oraculo_v2\core-oraculo-v2.0\escavadores\youtube\audios\GHbwHcM7ehA.mp3
